[INFO][25-06-06][com.mchange.v2.log.MLog]MLog clients using log4j logging.
[INFO][25-06-06][com.mchange.v2.c3p0.C3P0Registry]Initializing c3p0-0.9.1.2 [built 21-May-2007 15:04:56; debug? true; trace: 10]
[DEBUG][25-06-06][com.mchange.v2.c3p0.management.DynamicPooledDataSourceManagerMBean]MBean: com.mchange.v2.c3p0:type=PooledDataSource[1hge15zbbivu7voaict8u|56dc1551] registered.
[DEBUG][25-06-06][com.mchange.v2.resourcepool.BasicResourcePool]incremented pending_acquires: 1
[DEBUG][25-06-06][com.mchange.v2.resourcepool.BasicResourcePool]incremented pending_acquires: 2
[DEBUG][25-06-06][com.mchange.v2.resourcepool.BasicResourcePool]incremented pending_acquires: 3
[DEBUG][25-06-06][com.mchange.v2.resourcepool.BasicResourcePool]incremented pending_acquires: 4
[DEBUG][25-06-06][com.mchange.v2.resourcepool.BasicResourcePool]incremented pending_acquires: 5
[DEBUG][25-06-06][com.mchange.v2.resourcepool.BasicResourcePool]incremented pending_acquires: 6
[DEBUG][25-06-06][com.mchange.v2.resourcepool.BasicResourcePool]incremented pending_acquires: 7
[DEBUG][25-06-06][com.mchange.v2.resourcepool.BasicResourcePool]incremented pending_acquires: 8
[DEBUG][25-06-06][com.mchange.v2.resourcepool.BasicResourcePool]incremented pending_acquires: 9
[DEBUG][25-06-06][com.mchange.v2.resourcepool.BasicResourcePool]incremented pending_acquires: 10
[DEBUG][25-06-06][com.mchange.v2.resourcepool.BasicResourcePool]com.mchange.v2.resourcepool.BasicResourcePool@2a3888c1 config: [start -> 10; min -> 10; max -> 100; inc -> 3; num_acq_attempts -> 30; acq_attempt_delay -> 1000; check_idle_resources_delay -> 30000; mox_resource_age -> 0; max_idle_time -> 30000; excess_max_idle_time -> 0; destroy_unreturned_resc_time -> 0; expiration_enforcement_delay -> 7500; break_on_acquisition_failure -> false; debug_store_checkout_exceptions -> false]
[INFO][25-06-06][com.mchange.v2.c3p0.impl.AbstractPoolBackedDataSource]Initializing c3p0 pool... com.mchange.v2.c3p0.ComboPooledDataSource [ acquireIncrement -> 3, acquireRetryAttempts -> 30, acquireRetryDelay -> 1000, autoCommitOnClose -> false, automaticTestTable -> null, breakAfterAcquireFailure -> false, checkoutTimeout -> 30000, connectionCustomizerClassName -> null, connectionTesterClassName -> com.mchange.v2.c3p0.impl.DefaultConnectionTester, dataSourceName -> 1hge15zbbivu7voaict8u|56dc1551, debugUnreturnedConnectionStackTraces -> false, description -> null, driverClass -> com.mysql.jdbc.Driver, factoryClassLocation -> null, forceIgnoreUnresolvedTransactions -> false, identityToken -> 1hge15zbbivu7voaict8u|56dc1551, idleConnectionTestPeriod -> 30, initialPoolSize -> 10, jdbcUrl -> jdbc:mysql://127.0.0.1:3306/jhwh?useUnicode=true&characterEncoding=utf-8&useSSL=false, maxAdministrativeTaskTime -> 0, maxConnectionAge -> 0, maxIdleTime -> 30, maxIdleTimeExcessConnections -> 0, maxPoolSize -> 100, maxStatements -> 200, maxStatementsPerConnection -> 200, minPoolSize -> 10, numHelperThreads -> 3, numThreadsAwaitingCheckoutDefaultUser -> 0, preferredTestQuery -> null, properties -> {user=******, password=******}, propertyCycle -> 0, testConnectionOnCheckin -> false, testConnectionOnCheckout -> false, unreturnedConnectionTimeout -> 0, usesTraditionalReflectiveProxies -> false ]
[DEBUG][25-06-06][com.mchange.v2.resourcepool.BasicResourcePool]acquire test -- pool size: 0; target_pool_size: 10; desired target? 1
[DEBUG][25-06-06][com.mchange.v2.resourcepool.BasicResourcePool]awaitAvailable(): [unknown]
[DEBUG][25-06-06][com.mchange.v2.resourcepool.BasicResourcePool]trace com.mchange.v2.resourcepool.BasicResourcePool@2a3888c1 [managed: 0, unused: 0, excluded: 0]
[DEBUG][25-06-06][com.mchange.v2.c3p0.stmt.GooGooStatementCache]checkinAll(): com.mchange.v2.c3p0.stmt.DoubleMaxStatementCache stats -- total size: 0; checked out: 0; num connections: 0; num keys: 0
[DEBUG][25-06-06][com.mchange.v2.c3p0.stmt.GooGooStatementCache]checkinAll(): com.mchange.v2.c3p0.stmt.DoubleMaxStatementCache stats -- total size: 0; checked out: 0; num connections: 0; num keys: 0
[DEBUG][25-06-06][com.mchange.v2.c3p0.stmt.GooGooStatementCache]checkinAll(): com.mchange.v2.c3p0.stmt.DoubleMaxStatementCache stats -- total size: 0; checked out: 0; num connections: 0; num keys: 0
[DEBUG][25-06-06][com.mchange.v2.c3p0.impl.C3P0PooledConnectionPool]com.mchange.v2.c3p0.impl.C3P0PooledConnectionPool$1PooledConnectionResourcePoolManager@13bb1400.acquireResource() returning. 
[DEBUG][25-06-06][com.mchange.v2.c3p0.impl.C3P0PooledConnectionPool]com.mchange.v2.c3p0.impl.C3P0PooledConnectionPool$1PooledConnectionResourcePoolManager@13bb1400.acquireResource() returning. 
[DEBUG][25-06-06][com.mchange.v2.c3p0.impl.C3P0PooledConnectionPool]com.mchange.v2.c3p0.impl.C3P0PooledConnectionPool$1PooledConnectionResourcePoolManager@13bb1400.acquireResource() returning. 
[DEBUG][25-06-06][com.mchange.v2.resourcepool.BasicResourcePool]trace com.mchange.v2.resourcepool.BasicResourcePool@2a3888c1 [managed: 1, unused: 1, excluded: 0]
[DEBUG][25-06-06][com.mchange.v2.resourcepool.BasicResourcePool]decremented pending_acquires: 9
[DEBUG][25-06-06][com.mchange.v2.resourcepool.BasicResourcePool]trace com.mchange.v2.resourcepool.BasicResourcePool@2a3888c1 [managed: 1, unused: 0, excluded: 0] (e.g. com.mchange.v2.c3p0.impl.NewPooledConnection@1a0dfb49)
[DEBUG][25-06-06][com.mchange.v2.resourcepool.BasicResourcePool]trace com.mchange.v2.resourcepool.BasicResourcePool@2a3888c1 [managed: 2, unused: 1, excluded: 0] (e.g. com.mchange.v2.c3p0.impl.NewPooledConnection@1a0dfb49)
[DEBUG][25-06-06][com.mchange.v2.resourcepool.BasicResourcePool]decremented pending_acquires: 8
[DEBUG][25-06-06][com.mchange.v2.resourcepool.BasicResourcePool]trace com.mchange.v2.resourcepool.BasicResourcePool@2a3888c1 [managed: 3, unused: 2, excluded: 0] (e.g. com.mchange.v2.c3p0.impl.NewPooledConnection@1a0dfb49)
[DEBUG][25-06-06][com.mchange.v2.resourcepool.BasicResourcePool]decremented pending_acquires: 7
[DEBUG][25-06-06][com.mchange.v2.c3p0.stmt.GooGooStatementCache]checkinAll(): com.mchange.v2.c3p0.stmt.DoubleMaxStatementCache stats -- total size: 0; checked out: 0; num connections: 0; num keys: 0
[DEBUG][25-06-06][com.mchange.v2.c3p0.impl.C3P0PooledConnectionPool]com.mchange.v2.c3p0.impl.C3P0PooledConnectionPool$1PooledConnectionResourcePoolManager@13bb1400.acquireResource() returning. 
[DEBUG][25-06-06][com.mchange.v2.resourcepool.BasicResourcePool]trace com.mchange.v2.resourcepool.BasicResourcePool@2a3888c1 [managed: 4, unused: 3, excluded: 0] (e.g. com.mchange.v2.c3p0.impl.NewPooledConnection@1a0dfb49)
[DEBUG][25-06-06][com.mchange.v2.resourcepool.BasicResourcePool]decremented pending_acquires: 6
[DEBUG][25-06-06][com.mchange.v2.c3p0.stmt.GooGooStatementCache]checkinAll(): com.mchange.v2.c3p0.stmt.DoubleMaxStatementCache stats -- total size: 0; checked out: 0; num connections: 0; num keys: 0
[DEBUG][25-06-06][com.mchange.v2.c3p0.impl.C3P0PooledConnectionPool]com.mchange.v2.c3p0.impl.C3P0PooledConnectionPool$1PooledConnectionResourcePoolManager@13bb1400.acquireResource() returning. 
[DEBUG][25-06-06][com.mchange.v2.resourcepool.BasicResourcePool]trace com.mchange.v2.resourcepool.BasicResourcePool@2a3888c1 [managed: 5, unused: 4, excluded: 0] (e.g. com.mchange.v2.c3p0.impl.NewPooledConnection@1a0dfb49)
[DEBUG][25-06-06][com.mchange.v2.resourcepool.BasicResourcePool]decremented pending_acquires: 5
[DEBUG][25-06-06][com.mchange.v2.c3p0.stmt.GooGooStatementCache]checkinAll(): com.mchange.v2.c3p0.stmt.DoubleMaxStatementCache stats -- total size: 0; checked out: 0; num connections: 0; num keys: 0
[DEBUG][25-06-06][com.mchange.v2.c3p0.impl.C3P0PooledConnectionPool]com.mchange.v2.c3p0.impl.C3P0PooledConnectionPool$1PooledConnectionResourcePoolManager@13bb1400.acquireResource() returning. 
[DEBUG][25-06-06][com.mchange.v2.resourcepool.BasicResourcePool]trace com.mchange.v2.resourcepool.BasicResourcePool@2a3888c1 [managed: 6, unused: 5, excluded: 0] (e.g. com.mchange.v2.c3p0.impl.NewPooledConnection@1a0dfb49)
[DEBUG][25-06-06][com.mchange.v2.resourcepool.BasicResourcePool]decremented pending_acquires: 4
[DEBUG][25-06-06][com.mchange.v2.c3p0.stmt.GooGooStatementCache]checkinAll(): com.mchange.v2.c3p0.stmt.DoubleMaxStatementCache stats -- total size: 0; checked out: 0; num connections: 0; num keys: 0
[DEBUG][25-06-06][com.mchange.v2.c3p0.impl.C3P0PooledConnectionPool]com.mchange.v2.c3p0.impl.C3P0PooledConnectionPool$1PooledConnectionResourcePoolManager@13bb1400.acquireResource() returning. 
[DEBUG][25-06-06][com.mchange.v2.resourcepool.BasicResourcePool]trace com.mchange.v2.resourcepool.BasicResourcePool@2a3888c1 [managed: 7, unused: 6, excluded: 0] (e.g. com.mchange.v2.c3p0.impl.NewPooledConnection@1a0dfb49)
[DEBUG][25-06-06][com.mchange.v2.resourcepool.BasicResourcePool]decremented pending_acquires: 3
[DEBUG][25-06-06][com.mchange.v2.c3p0.stmt.GooGooStatementCache]checkinAll(): com.mchange.v2.c3p0.stmt.DoubleMaxStatementCache stats -- total size: 0; checked out: 0; num connections: 0; num keys: 0
[DEBUG][25-06-06][com.mchange.v2.c3p0.impl.C3P0PooledConnectionPool]com.mchange.v2.c3p0.impl.C3P0PooledConnectionPool$1PooledConnectionResourcePoolManager@13bb1400.acquireResource() returning. 
[DEBUG][25-06-06][com.mchange.v2.c3p0.stmt.GooGooStatementCache]checkinAll(): com.mchange.v2.c3p0.stmt.DoubleMaxStatementCache stats -- total size: 0; checked out: 0; num connections: 0; num keys: 0
[DEBUG][25-06-06][com.mchange.v2.c3p0.impl.C3P0PooledConnectionPool]com.mchange.v2.c3p0.impl.C3P0PooledConnectionPool$1PooledConnectionResourcePoolManager@13bb1400.acquireResource() returning. 
[DEBUG][25-06-06][com.mchange.v2.resourcepool.BasicResourcePool]trace com.mchange.v2.resourcepool.BasicResourcePool@2a3888c1 [managed: 8, unused: 7, excluded: 0] (e.g. com.mchange.v2.c3p0.impl.NewPooledConnection@1a0dfb49)
[DEBUG][25-06-06][com.mchange.v2.resourcepool.BasicResourcePool]decremented pending_acquires: 2
[DEBUG][25-06-06][com.mchange.v2.resourcepool.BasicResourcePool]trace com.mchange.v2.resourcepool.BasicResourcePool@2a3888c1 [managed: 9, unused: 8, excluded: 0] (e.g. com.mchange.v2.c3p0.impl.NewPooledConnection@1a0dfb49)
[DEBUG][25-06-06][com.mchange.v2.resourcepool.BasicResourcePool]decremented pending_acquires: 1
[DEBUG][25-06-06][com.mchange.v2.c3p0.stmt.GooGooStatementCache]checkinAll(): com.mchange.v2.c3p0.stmt.DoubleMaxStatementCache stats -- total size: 0; checked out: 0; num connections: 0; num keys: 0
[DEBUG][25-06-06][com.mchange.v2.c3p0.impl.C3P0PooledConnectionPool]com.mchange.v2.c3p0.impl.C3P0PooledConnectionPool$1PooledConnectionResourcePoolManager@13bb1400.acquireResource() returning. 
[DEBUG][25-06-06][com.mchange.v2.resourcepool.BasicResourcePool]trace com.mchange.v2.resourcepool.BasicResourcePool@2a3888c1 [managed: 10, unused: 9, excluded: 0] (e.g. com.mchange.v2.c3p0.impl.NewPooledConnection@1a0dfb49)
[DEBUG][25-06-06][com.mchange.v2.resourcepool.BasicResourcePool]decremented pending_acquires: 0
[DEBUG][25-06-06][com.mchange.v2.c3p0.stmt.GooGooStatementCache]cxnStmtMgr.statementSet( com.mysql.jdbc.JDBC4Connection@4137bf6d ).size(): 1
[DEBUG][25-06-06][com.mchange.v2.c3p0.stmt.GooGooStatementCache]checkoutStatement: com.mchange.v2.c3p0.stmt.DoubleMaxStatementCache stats -- total size: 1; checked out: 1; num connections: 1; num keys: 1
